<?xml version="1.0" encoding="UTF-8"?>
<!-- Generated by org.testng.reporters.JUnitReportReporter -->
<testsuite hostname="TRNHUBIND10LT003" failures="0" tests="2" name="day01.Test01" time="2.169" errors="0" timestamp="2023-10-18T19:32:23 IST" skipped="0">
  <testcase classname="day01.Test01" name="test02" time="0.810"/>
  <testcase classname="day01.Test01" name="test01" time="1.359"/>
</testsuite> <!-- day01.Test01 -->
