<?xml version="1.0" encoding="UTF-8"?>
<!-- Generated by org.testng.reporters.JUnitReportReporter -->
<testsuite hostname="TRNHUBIND10LT003" failures="0" tests="1" name="day01.Test03" time="1.635" errors="0" timestamp="2023-10-23T11:03:59 IST" skipped="0">
  <testcase classname="day01.Test03" name="Test03_R01" time="1.635"/>
</testsuite> <!-- day01.Test03 -->
