<?xml version="1.0" encoding="UTF-8"?>
<!-- Generated by org.testng.reporters.JUnitReportReporter -->
<testsuite hostname="TRNHUBIND10LT003" failures="0" tests="1" name="day01.Test02" time="2.400" errors="0" timestamp="2023-10-23T09:59:10 IST" skipped="0">
  <testcase classname="day01.Test02" name="Test_R01" time="2.400"/>
</testsuite> <!-- day01.Test02 -->
