<?xml version="1.0" encoding="UTF-8"?>
<!-- Generated by org.testng.reporters.JUnitReportReporter -->
<testsuite hostname="14C9LR3" failures="0" tests="1" name="Tala_Task.GeoLocation" time="4.493" errors="0" timestamp="02 Nov 2023 11:41:22 GMT" skipped="0">
  <testcase classname="Tala_Task.GeoLocation" name="geoLocation" time="4.493"/>
</testsuite> <!-- Tala_Task.GeoLocation -->
